# JRE version: Java(TM) SE Runtime Environment (8.0_202-b08) (build 1.8.0_202-b08)
# Java VM: Java HotSpot(TM) 64-Bit Server VM (25.202-b08 mixed mode windows-amd64 compressed oops)
Heap:
 PSYoungGen      total 38400K, used 25569K [0x00000000d5f00000, 0x00000000d8980000, 0x0000000100000000)
  eden space 33280K, 61% used [0x00000000d5f00000,0x00000000d72f8c88,0x00000000d7f80000)
  from space 5120K, 99% used [0x00000000d8480000,0x00000000d897faf0,0x00000000d8980000)
  to   space 5120K, 0% used [0x00000000d7f80000,0x00000000d7f80000,0x00000000d8480000)
 ParOldGen       total 48640K, used 5729K [0x0000000081c00000, 0x0000000084b80000, 0x00000000d5f00000)
  object space 48640K, 11% used [0x0000000081c00000,0x00000000821984a8,0x0000000084b80000)
 Metaspace       used 26984K, capacity 28230K, committed 28544K, reserved 1075200K
  class space    used 3643K, capacity 3907K, committed 3968K, reserved 1048576K
GC Heap History (10 events):
Event: 2.065 GC heap before
{Heap before GC invocations=5 (full 0):
 PSYoungGen      total 38400K, used 10747K [0x00000000d5f00000, 0x00000000d8980000, 0x0000000100000000)
  eden space 33280K, 16% used [0x00000000d5f00000,0x00000000d64803a8,0x00000000d7f80000)
  from space 5120K, 99% used [0x00000000d8480000,0x00000000d897eb28,0x00000000d8980000)
  to   space 5120K, 0% used [0x00000000d7f80000,0x00000000d7f80000,0x00000000d8480000)
 ParOldGen       total 87552K, used 5717K [0x0000000081c00000, 0x0000000087180000, 0x00000000d5f00000)
  object space 87552K, 6% used [0x0000000081c00000,0x0000000082195730,0x0000000087180000)
 Metaspace       used 20355K, capacity 21026K, committed 21120K, reserved 1071104K
  class space    used 2691K, capacity 2878K, committed 2944K, reserved 1048576K
Event: 2.069 GC heap after
Heap after GC invocations=5 (full 0):
 PSYoungGen      total 38400K, used 5112K [0x00000000d5f00000, 0x00000000d8980000, 0x0000000100000000)
  eden space 33280K, 0% used [0x00000000d5f00000,0x00000000d5f00000,0x00000000d7f80000)
  from space 5120K, 99% used [0x00000000d7f80000,0x00000000d847e030,0x00000000d8480000)
  to   space 5120K, 0% used [0x00000000d8480000,0x00000000d8480000,0x00000000d8980000)
 ParOldGen       total 87552K, used 6230K [0x0000000081c00000, 0x0000000087180000, 0x00000000d5f00000)
  object space 87552K, 7% used [0x0000000081c00000,0x00000000822158f8,0x0000000087180000)
 Metaspace       used 20355K, capacity 21026K, committed 21120K, reserved 1071104K
  class space    used 2691K, capacity 2878K, committed 2944K, reserved 1048576K
}
Event: 2.069 GC heap before
{Heap before GC invocations=6 (full 1):
 PSYoungGen      total 38400K, used 5112K [0x00000000d5f00000, 0x00000000d8980000, 0x0000000100000000)
  eden space 33280K, 0% used [0x00000000d5f00000,0x00000000d5f00000,0x00000000d7f80000)
  from space 5120K, 99% used [0x00000000d7f80000,0x00000000d847e030,0x00000000d8480000)
  to   space 5120K, 0% used [0x00000000d8480000,0x00000000d8480000,0x00000000d8980000)
 ParOldGen       total 87552K, used 6230K [0x0000000081c00000, 0x0000000087180000, 0x00000000d5f00000)
  object space 87552K, 7% used [0x0000000081c00000,0x00000000822158f8,0x0000000087180000)
 Metaspace       used 20355K, capacity 21026K, committed 21120K, reserved 1071104K
  class space    used 2691K, capacity 2878K, committed 2944K, reserved 1048576K
Event: 2.094 GC heap after
Heap after GC invocations=6 (full 1):
 PSYoungGen      total 38400K, used 0K [0x00000000d5f00000, 0x00000000d8980000, 0x0000000100000000)
  eden space 33280K, 0% used [0x00000000d5f00000,0x00000000d5f00000,0x00000000d7f80000)
  from space 5120K, 0% used [0x00000000d7f80000,0x00000000d7f80000,0x00000000d8480000)
  to   space 5120K, 0% used [0x00000000d8480000,0x00000000d8480000,0x00000000d8980000)
 ParOldGen       total 48640K, used 5584K [0x0000000081c00000, 0x0000000084b80000, 0x00000000d5f00000)
  object space 48640K, 11% used [0x0000000081c00000,0x00000000821742f0,0x0000000084b80000)
 Metaspace       used 20353K, capacity 21020K, committed 21120K, reserved 1069056K
  class space    used 2691K, capacity 2877K, committed 2944K, reserved 1048576K
}
Event: 2.382 GC heap before
{Heap before GC invocations=7 (full 1):
 PSYoungGen      total 38400K, used 33280K [0x00000000d5f00000, 0x00000000d8980000, 0x0000000100000000)
  eden space 33280K, 100% used [0x00000000d5f00000,0x00000000d7f80000,0x00000000d7f80000)
  from space 5120K, 0% used [0x00000000d7f80000,0x00000000d7f80000,0x00000000d8480000)
  to   space 5120K, 0% used [0x00000000d8480000,0x00000000d8480000,0x00000000d8980000)
 ParOldGen       total 48640K, used 5584K [0x0000000081c00000, 0x0000000084b80000, 0x00000000d5f00000)
  object space 48640K, 11% used [0x0000000081c00000,0x00000000821742f0,0x0000000084b80000)
 Metaspace       used 22353K, capacity 23160K, committed 23296K, reserved 1069056K
  class space    used 2986K, capacity 3208K, committed 3328K, reserved 1048576K
Event: 2.385 GC heap after
Heap after GC invocations=7 (full 1):
 PSYoungGen      total 38400K, used 3334K [0x00000000d5f00000, 0x00000000d8980000, 0x0000000100000000)
  eden space 33280K, 0% used [0x00000000d5f00000,0x00000000d5f00000,0x00000000d7f80000)
  from space 5120K, 65% used [0x00000000d8480000,0x00000000d87c1bd0,0x00000000d8980000)
  to   space 5120K, 0% used [0x00000000d7f80000,0x00000000d7f80000,0x00000000d8480000)
 ParOldGen       total 48640K, used 5592K [0x0000000081c00000, 0x0000000084b80000, 0x00000000d5f00000)
  object space 48640K, 11% used [0x0000000081c00000,0x00000000821762f0,0x0000000084b80000)
 Metaspace       used 22353K, capacity 23160K, committed 23296K, reserved 1069056K
  class space    used 2986K, capacity 3208K, committed 3328K, reserved 1048576K
}
Event: 2.652 GC heap before
{Heap before GC invocations=8 (full 1):
 PSYoungGen      total 38400K, used 36614K [0x00000000d5f00000, 0x00000000d8980000, 0x0000000100000000)
  eden space 33280K, 100% used [0x00000000d5f00000,0x00000000d7f80000,0x00000000d7f80000)
  from space 5120K, 65% used [0x00000000d8480000,0x00000000d87c1bd0,0x00000000d8980000)
  to   space 5120K, 0% used [0x00000000d7f80000,0x00000000d7f80000,0x00000000d8480000)
 ParOldGen       total 48640K, used 5592K [0x0000000081c00000, 0x0000000084b80000, 0x00000000d5f00000)
  object space 48640K, 11% used [0x0000000081c00000,0x00000000821762f0,0x0000000084b80000)
 Metaspace       used 23426K, capacity 24420K, committed 24704K, reserved 1071104K
  class space    used 3140K, capacity 3376K, committed 3456K, reserved 1048576K
Event: 2.655 GC heap after
Heap after GC invocations=8 (full 1):
 PSYoungGen      total 38400K, used 3530K [0x00000000d5f00000, 0x00000000d8980000, 0x0000000100000000)
  eden space 33280K, 0% used [0x00000000d5f00000,0x00000000d5f00000,0x00000000d7f80000)
  from space 5120K, 68% used [0x00000000d7f80000,0x00000000d82f2ae0,0x00000000d8480000)
  to   space 5120K, 0% used [0x00000000d8480000,0x00000000d8480000,0x00000000d8980000)
 ParOldGen       total 48640K, used 5600K [0x0000000081c00000, 0x0000000084b80000, 0x00000000d5f00000)
  object space 48640K, 11% used [0x0000000081c00000,0x00000000821782f0,0x0000000084b80000)
 Metaspace       used 23426K, capacity 24420K, committed 24704K, reserved 1071104K
  class space    used 3140K, capacity 3376K, committed 3456K, reserved 1048576K
}
Event: 3.018 GC heap before
{Heap before GC invocations=9 (full 1):
 PSYoungGen      total 38400K, used 36810K [0x00000000d5f00000, 0x00000000d8980000, 0x0000000100000000)
  eden space 33280K, 100% used [0x00000000d5f00000,0x00000000d7f80000,0x00000000d7f80000)
  from space 5120K, 68% used [0x00000000d7f80000,0x00000000d82f2ae0,0x00000000d8480000)
  to   space 5120K, 0% used [0x00000000d8480000,0x00000000d8480000,0x00000000d8980000)
 ParOldGen       total 48640K, used 5600K [0x0000000081c00000, 0x0000000084b80000, 0x00000000d5f00000)
  object space 48640K, 11% used [0x0000000081c00000,0x00000000821782f0,0x0000000084b80000)
 Metaspace       used 25693K, capacity 26788K, committed 27008K, reserved 1073152K
  class space    used 3437K, capacity 3691K, committed 3712K, reserved 1048576K
Event: 3.024 GC heap after
Heap after GC invocations=9 (full 1):
 PSYoungGen      total 38400K, used 5118K [0x00000000d5f00000, 0x00000000d8980000, 0x0000000100000000)
  eden space 33280K, 0% used [0x00000000d5f00000,0x00000000d5f00000,0x00000000d7f80000)
  from space 5120K, 99% used [0x00000000d8480000,0x00000000d897faf0,0x00000000d8980000)
  to   space 5120K, 0% used [0x00000000d7f80000,0x00000000d7f80000,0x00000000d8480000)
 ParOldGen       total 48640K, used 5729K [0x0000000081c00000, 0x0000000084b80000, 0x00000000d5f00000)
  object space 48640K, 11% used [0x0000000081c00000,0x00000000821984a8,0x0000000084b80000)
 Metaspace       used 25693K, capacity 26788K, committed 27008K, reserved 1073152K
  class space    used 3437K, capacity 3691K, committed 3712K, reserved 1048576K
}

